[14:14:52] [Server thread/INFO]: Starting minecraft server version 1.8.8
[14:14:52] [Server thread/INFO]: Loading properties
[14:14:52] [Server thread/INFO]: Default game type: CREATIVE
[14:14:52] [Server thread/INFO]: This server is running CraftBukkit version git-Spigot-06ad352-4a7472d (MC: 1.8.8) (Implementing API version 1.8.8-R0.1-SNAPSHOT)
[14:14:52] [Server thread/INFO]: Debug logging is disabled
[14:14:52] [Server thread/INFO]: Server Ping Player Sample Count: 12
[14:14:52] [Server thread/INFO]: Using 4 threads for Netty based IO
[14:14:52] [Server thread/INFO]: Generating keypair
[14:14:52] [Server thread/INFO]: Starting Minecraft server on *:25565
[14:14:52] [Server thread/INFO]: Using default channel type
[14:14:53] [Server thread/INFO]: Set PluginClassLoader as parallel capable
[14:14:53] [Server thread/INFO]: [SetSpawn] Loading SetSpawn v2.1
[14:14:53] [Server thread/INFO]: [RaspberryJuice] Loading RaspberryJuice v1.7
[14:14:53] [Server thread/INFO]: **** Beginning UUID conversion, this may take A LONG time ****
[14:14:53] [Server thread/INFO]: Preparing level "world"
[14:14:53] [Server thread/INFO]: -------- World Settings For [world] --------
[14:14:53] [Server thread/INFO]: Item Despawn Rate: 6000
[14:14:53] [Server thread/INFO]: Item Merge Radius: 2.5
[14:14:53] [Server thread/INFO]: Arrow Despawn Rate: 1200
[14:14:53] [Server thread/INFO]: Allow Zombie Pigmen to spawn from portal blocks: true
[14:14:53] [Server thread/INFO]: View Distance: 10
[14:14:53] [Server thread/INFO]: Zombie Aggressive Towards Villager: true
[14:14:53] [Server thread/INFO]: Chunks to Grow per Tick: 650
[14:14:53] [Server thread/INFO]: Clear tick list: false
[14:14:53] [Server thread/INFO]: Experience Merge Radius: 3.0
[14:14:53] [Server thread/INFO]: Mob Spawn Range: 4
[14:14:53] [Server thread/INFO]: Anti X-Ray: true
[14:14:53] [Server thread/INFO]: 	Engine Mode: 1
[14:14:53] [Server thread/INFO]: 	Hidden Blocks: [14, 15, 16, 21, 48, 49, 54, 56, 73, 74, 82, 129, 130]
[14:14:53] [Server thread/INFO]: 	Replace Blocks: [1, 5]
[14:14:53] [Server thread/INFO]: Nerfing mobs spawned from spawners: false
[14:14:53] [Server thread/INFO]: Cactus Growth Modifier: 100%
[14:14:53] [Server thread/INFO]: Cane Growth Modifier: 100%
[14:14:53] [Server thread/INFO]: Melon Growth Modifier: 100%
[14:14:53] [Server thread/INFO]: Mushroom Growth Modifier: 100%
[14:14:53] [Server thread/INFO]: Pumpkin Growth Modifier: 100%
[14:14:53] [Server thread/INFO]: Sapling Growth Modifier: 100%
[14:14:53] [Server thread/INFO]: Wheat Growth Modifier: 100%
[14:14:53] [Server thread/INFO]: NetherWart Growth Modifier: 100%
[14:14:53] [Server thread/INFO]: Entity Activation Range: An 32 / Mo 32 / Mi 16
[14:14:53] [Server thread/INFO]: Entity Tracking Range: Pl 48 / An 48 / Mo 48 / Mi 32 / Other 64
[14:14:53] [Server thread/INFO]: Hopper Transfer: 8 Hopper Check: 8 Hopper Amount: 1
[14:14:53] [Server thread/INFO]: Random Lighting Updates: false
[14:14:53] [Server thread/INFO]: Structure Info Saving: true
[14:14:53] [Server thread/INFO]: Sending up to 10 chunks per packet
[14:14:53] [Server thread/INFO]: Max Entity Collisions: 8
[14:14:53] [Server thread/INFO]: Custom Map Seeds:  Village: 10387312 Feature: 14357617
[14:14:53] [Server thread/INFO]: Max TNT Explosions: 100
[14:14:53] [Server thread/INFO]: Tile Max Tick Time: 50ms Entity max Tick Time: 50ms
[14:14:53] [Server thread/INFO]: -------- World Settings For [world_nether] --------
[14:14:53] [Server thread/INFO]: Item Despawn Rate: 6000
[14:14:53] [Server thread/INFO]: Item Merge Radius: 2.5
[14:14:53] [Server thread/INFO]: Arrow Despawn Rate: 1200
[14:14:53] [Server thread/INFO]: Allow Zombie Pigmen to spawn from portal blocks: true
[14:14:53] [Server thread/INFO]: View Distance: 10
[14:14:53] [Server thread/INFO]: Zombie Aggressive Towards Villager: true
[14:14:53] [Server thread/INFO]: Chunks to Grow per Tick: 650
[14:14:53] [Server thread/INFO]: Clear tick list: false
[14:14:53] [Server thread/INFO]: Experience Merge Radius: 3.0
[14:14:53] [Server thread/INFO]: Mob Spawn Range: 4
[14:14:53] [Server thread/INFO]: Anti X-Ray: true
[14:14:53] [Server thread/INFO]: 	Engine Mode: 1
[14:14:53] [Server thread/INFO]: 	Hidden Blocks: [14, 15, 16, 21, 48, 49, 54, 56, 73, 74, 82, 129, 130]
[14:14:53] [Server thread/INFO]: 	Replace Blocks: [1, 5]
[14:14:53] [Server thread/INFO]: Nerfing mobs spawned from spawners: false
[14:14:53] [Server thread/INFO]: Cactus Growth Modifier: 100%
[14:14:53] [Server thread/INFO]: Cane Growth Modifier: 100%
[14:14:53] [Server thread/INFO]: Melon Growth Modifier: 100%
[14:14:53] [Server thread/INFO]: Mushroom Growth Modifier: 100%
[14:14:53] [Server thread/INFO]: Pumpkin Growth Modifier: 100%
[14:14:53] [Server thread/INFO]: Sapling Growth Modifier: 100%
[14:14:53] [Server thread/INFO]: Wheat Growth Modifier: 100%
[14:14:53] [Server thread/INFO]: NetherWart Growth Modifier: 100%
[14:14:53] [Server thread/INFO]: Entity Activation Range: An 32 / Mo 32 / Mi 16
[14:14:53] [Server thread/INFO]: Entity Tracking Range: Pl 48 / An 48 / Mo 48 / Mi 32 / Other 64
[14:14:53] [Server thread/INFO]: Hopper Transfer: 8 Hopper Check: 8 Hopper Amount: 1
[14:14:53] [Server thread/INFO]: Random Lighting Updates: false
[14:14:53] [Server thread/INFO]: Structure Info Saving: true
[14:14:53] [Server thread/INFO]: Sending up to 10 chunks per packet
[14:14:53] [Server thread/INFO]: Max Entity Collisions: 8
[14:14:53] [Server thread/INFO]: Custom Map Seeds:  Village: 10387312 Feature: 14357617
[14:14:53] [Server thread/INFO]: Max TNT Explosions: 100
[14:14:53] [Server thread/INFO]: Tile Max Tick Time: 50ms Entity max Tick Time: 50ms
[14:14:53] [Server thread/INFO]: -------- World Settings For [world_the_end] --------
[14:14:53] [Server thread/INFO]: Item Despawn Rate: 6000
[14:14:53] [Server thread/INFO]: Item Merge Radius: 2.5
[14:14:53] [Server thread/INFO]: Arrow Despawn Rate: 1200
[14:14:53] [Server thread/INFO]: Allow Zombie Pigmen to spawn from portal blocks: true
[14:14:53] [Server thread/INFO]: View Distance: 10
[14:14:53] [Server thread/INFO]: Zombie Aggressive Towards Villager: true
[14:14:53] [Server thread/INFO]: Chunks to Grow per Tick: 650
[14:14:53] [Server thread/INFO]: Clear tick list: false
[14:14:53] [Server thread/INFO]: Experience Merge Radius: 3.0
[14:14:53] [Server thread/INFO]: Mob Spawn Range: 4
[14:14:53] [Server thread/INFO]: Anti X-Ray: true
[14:14:53] [Server thread/INFO]: 	Engine Mode: 1
[14:14:53] [Server thread/INFO]: 	Hidden Blocks: [14, 15, 16, 21, 48, 49, 54, 56, 73, 74, 82, 129, 130]
[14:14:53] [Server thread/INFO]: 	Replace Blocks: [1, 5]
[14:14:53] [Server thread/INFO]: Nerfing mobs spawned from spawners: false
[14:14:53] [Server thread/INFO]: Cactus Growth Modifier: 100%
[14:14:53] [Server thread/INFO]: Cane Growth Modifier: 100%
[14:14:53] [Server thread/INFO]: Melon Growth Modifier: 100%
[14:14:53] [Server thread/INFO]: Mushroom Growth Modifier: 100%
[14:14:53] [Server thread/INFO]: Pumpkin Growth Modifier: 100%
[14:14:53] [Server thread/INFO]: Sapling Growth Modifier: 100%
[14:14:53] [Server thread/INFO]: Wheat Growth Modifier: 100%
[14:14:53] [Server thread/INFO]: NetherWart Growth Modifier: 100%
[14:14:53] [Server thread/INFO]: Entity Activation Range: An 32 / Mo 32 / Mi 16
[14:14:53] [Server thread/INFO]: Entity Tracking Range: Pl 48 / An 48 / Mo 48 / Mi 32 / Other 64
[14:14:53] [Server thread/INFO]: Hopper Transfer: 8 Hopper Check: 8 Hopper Amount: 1
[14:14:53] [Server thread/INFO]: Random Lighting Updates: false
[14:14:53] [Server thread/INFO]: Structure Info Saving: true
[14:14:53] [Server thread/INFO]: Sending up to 10 chunks per packet
[14:14:53] [Server thread/INFO]: Max Entity Collisions: 8
[14:14:53] [Server thread/INFO]: Custom Map Seeds:  Village: 10387312 Feature: 14357617
[14:14:53] [Server thread/INFO]: Max TNT Explosions: 100
[14:14:53] [Server thread/INFO]: Tile Max Tick Time: 50ms Entity max Tick Time: 50ms
[14:14:53] [Server thread/INFO]: Preparing start region for level 0 (Seed: 5317486715977288018)
[14:14:54] [Server thread/INFO]: Preparing spawn area: 85%
[14:14:54] [Server thread/INFO]: Preparing start region for level 1 (Seed: 5317486715977288018)
[14:14:55] [Server thread/INFO]: Preparing start region for level 2 (Seed: 5317486715977288018)
[14:14:55] [Server thread/INFO]: [SetSpawn] Enabling SetSpawn v2.1
[14:14:55] [Server thread/INFO]: [RaspberryJuice] Enabling RaspberryJuice v1.7
[14:14:55] [Server thread/INFO]: [RaspberryJuice] ThreadListener Started
[14:14:55] [Server thread/INFO]: Server permissions file permissions.yml is empty, ignoring it
[14:14:55] [Server thread/INFO]: Done (2.127s)! For help, type "help" or "?"
[14:15:58] [User Authenticator #1/INFO]: UUID of player craigargh is 4f61027d-fac1-4f14-b095-8042ef43e3fc
[14:15:58] [Server thread/INFO]: craigargh[/127.0.0.1:49266] logged in with entity id 27 at ([world]83.5, 69.0, 215.5)
[14:16:23] [Server thread/INFO]: craigargh has just earned the achievement [Taking Inventory]
[14:17:33] [Server thread/INFO]: craigargh lost connection: Disconnected
[14:17:33] [Server thread/INFO]: craigargh left the game.
[14:18:50] [User Authenticator #2/INFO]: UUID of player craigargh is 4f61027d-fac1-4f14-b095-8042ef43e3fc
[14:18:51] [Server thread/INFO]: craigargh[/127.0.0.1:49271] logged in with entity id 405 at ([world]198.76229498695506, 63.0, 143.94380267984647)
[14:18:56] [Server thread/INFO]: craigargh lost connection: Disconnected
[14:18:56] [Server thread/INFO]: craigargh left the game.
